<?xml version="1.0" encoding="UTF-8"?>
<!-- Generated by org.testng.reporters.JUnitReportReporter -->
<testsuite skipped="0" hostname="DESKTOP-V12L50G" name="org.sample.SampleClass" tests="1" failures="0" timestamp="25 Sep 2023 09:57:41 GMT" time="4.716" errors="0">
  <testcase name="test" time="4.716" classname="org.sample.SampleClass"/>
</testsuite> <!-- org.sample.SampleClass -->
