<?xml version="1.0" encoding="UTF-8"?>
<!-- Generated by org.testng.reporters.JUnitReportReporter -->
<testsuite skipped="0" hostname="DESKTOP-V12L50G" name="org.sample.Sample2" tests="1" failures="0" timestamp="25 Sep 2023 10:10:04 GMT" time="3.918" errors="0">
  <testcase name="test" time="3.918" classname="org.sample.Sample2"/>
</testsuite> <!-- org.sample.Sample2 -->
